<?xml version="1.0" encoding="UTF-8"?>
<testng-results skipped="0" failed="0" total="1" passed="1">
  <reporter-output>
  </reporter-output>
  <suite name="Default suite" duration-ms="51938" started-at="2017-09-27T07:10:45Z" finished-at="2017-09-27T07:11:37Z">
    <groups>
    </groups>
    <test name="Default test" duration-ms="51938" started-at="2017-09-27T07:10:45Z" finished-at="2017-09-27T07:11:37Z">
      <class name="School_Mang_prjct.School_scenerio">
        <test-method status="PASS" signature="bfr()[pri:0, instance:School_Mang_prjct.School_scenerio@121b0a2]" name="bfr" duration-ms="51827" started-at="2017-09-27T12:40:45Z" finished-at="2017-09-27T12:41:37Z">
          <reporter-output>
          </reporter-output>
        </test-method> <!-- bfr -->
      </class> <!-- School_Mang_prjct.School_scenerio -->
    </test> <!-- Default test -->
  </suite> <!-- Default suite -->
</testng-results>
